2024-06-29 10:56:26.689 +04:00  INF  Now listening on: http://localhost:5281
2024-06-29 10:56:26.718 +04:00  INF  Application started. Press Ctrl+C to shut down.
2024-06-29 10:56:26.718 +04:00  INF  Hosting environment: Development
2024-06-29 10:56:26.718 +04:00  INF  Content root path: C:\Users\user\Desktop\CourseAPI-Hometask\CourseApp\CourseApp\
2024-06-29 10:56:27.989 +04:00  INF  Request starting HTTP/1.1 GET http://localhost:5281/swagger/index.html - -
2024-06-29 10:56:28.097 +04:00  INF  Request finished HTTP/1.1 GET http://localhost:5281/swagger/index.html - - - 200 - text/html;charset=utf-8 112.2330ms
2024-06-29 10:56:28.110 +04:00  INF  Request starting HTTP/1.1 GET http://localhost:5281/_framework/aspnetcore-browser-refresh.js - -
2024-06-29 10:56:28.112 +04:00  INF  Request finished HTTP/1.1 GET http://localhost:5281/_framework/aspnetcore-browser-refresh.js - - - 200 11988 application/javascript;+charset=utf-8 1.9932ms
2024-06-29 10:56:28.163 +04:00  INF  Request starting HTTP/1.1 GET http://localhost:5281/swagger/v1/swagger.json - -
2024-06-29 10:56:28.228 +04:00  INF  Request finished HTTP/1.1 GET http://localhost:5281/swagger/v1/swagger.json - - - 200 - application/json;charset=utf-8 65.0584ms
2024-06-29 10:57:03.288 +04:00  INF  Request starting HTTP/1.1 GET http://localhost:5281/api/admin/Group/GetAll - -
2024-06-29 10:57:03.303 +04:00  WRN  Failed to determine the https port for redirect.
2024-06-29 10:57:03.310 +04:00  INF  Executing endpoint 'CourseApp.Controllers.Admin.GroupController.GetAll (CourseApp)'
2024-06-29 10:57:03.346 +04:00  INF  Route matched with {action = "GetAll", controller = "Group"}. Executing controller action with signature System.Threading.Tasks.Task`1[Microsoft.AspNetCore.Mvc.IActionResult] GetAll() on controller CourseApp.Controllers.Admin.GroupController (CourseApp).
2024-06-29 10:57:04.565 +04:00  WRN  No store type was specified for the decimal property 'Salary' on entity type 'Teacher'. This will cause values to be silently truncated if they do not fit in the default precision and scale. Explicitly specify the SQL server column type that can accommodate all the values in 'OnModelCreating' using 'HasColumnType', specify precision and scale using 'HasPrecision', or configure a value converter using 'HasConversion'.
2024-06-29 10:57:04.753 +04:00  INF  Entity Framework Core 6.0.31 initialized 'AppDbContext' using provider 'Microsoft.EntityFrameworkCore.SqlServer:6.0.31' with options: None
2024-06-29 10:57:04.760 +04:00  INF  Get All method is working
2024-06-29 10:57:05.220 +04:00  WRN  Compiling a query which loads related collections for more than one collection navigation, either via 'Include' or through projection, but no 'QuerySplittingBehavior' has been configured. By default, Entity Framework will use 'QuerySplittingBehavior.SingleQuery', which can potentially result in slow query performance. See https://go.microsoft.com/fwlink/?linkid=2134277 for more information. To identify the query that's triggering this warning call 'ConfigureWarnings(w => w.Throw(RelationalEventId.MultipleCollectionIncludeWarning))'.
2024-06-29 10:57:05.840 +04:00  INF  Executed DbCommand (61ms) [Parameters=[], CommandType='"Text"', CommandTimeout='30']
SELECT [g].[Id], [g].[Capacity], [g].[CreatedDate], [g].[EducationId], [g].[Name], [g].[RoomId], [g].[SoftDelete], [r].[Id], [e].[Id], [s].[Id], [s].[GroupId], [s].[StudentId], [t0].[Id], [t0].[GroupId], [t0].[TeacherId], [t0].[Id0], [t0].[Age], [t0].[CreatedDate], [t0].[Email], [t0].[Name], [t0].[Salary], [t0].[SoftDelete], [t0].[Surname], [r].[CreatedDate], [r].[Name], [r].[SeatCount], [r].[SoftDelete], [e].[CreatedDate], [e].[Name], [e].[SoftDelete]
FROM [Groups] AS [g]
INNER JOIN [Rooms] AS [r] ON [g].[RoomId] = [r].[Id]
INNER JOIN [Educations] AS [e] ON [g].[EducationId] = [e].[Id]
LEFT JOIN [StudentGroups] AS [s] ON [g].[Id] = [s].[GroupId]
LEFT JOIN (
    SELECT [g0].[Id], [g0].[GroupId], [g0].[TeacherId], [t].[Id] AS [Id0], [t].[Age], [t].[CreatedDate], [t].[Email], [t].[Name], [t].[Salary], [t].[SoftDelete], [t].[Surname]
    FROM [GroupTeachers] AS [g0]
    INNER JOIN [Teachers] AS [t] ON [g0].[TeacherId] = [t].[Id]
) AS [t0] ON [g].[Id] = [t0].[GroupId]
ORDER BY [g].[Id], [r].[Id], [e].[Id], [s].[Id], [t0].[Id]
2024-06-29 10:57:05.882 +04:00  INF  Executing OkObjectResult, writing value of type 'System.Collections.Generic.List`1[[Service.DTOs.Admin.Groups.GroupDto, Service, Version=1.0.0.0, Culture=neutral, PublicKeyToken=null]]'.
2024-06-29 10:57:05.894 +04:00  INF  Executed action CourseApp.Controllers.Admin.GroupController.GetAll (CourseApp) in 2543.7305ms
2024-06-29 10:57:05.895 +04:00  INF  Executed endpoint 'CourseApp.Controllers.Admin.GroupController.GetAll (CourseApp)'
2024-06-29 10:57:05.899 +04:00  INF  Request finished HTTP/1.1 GET http://localhost:5281/api/admin/Group/GetAll - - - 200 - application/json;+charset=utf-8 2610.8671ms
2024-06-29 11:10:06.126 +04:00  INF  Request starting HTTP/1.1 GET http://localhost:5281/api/admin/Group/GetById/25 - -
2024-06-29 11:10:06.131 +04:00  INF  Executing endpoint 'CourseApp.Controllers.Admin.GroupController.GetById (CourseApp)'
2024-06-29 11:10:06.151 +04:00  INF  Route matched with {action = "GetById", controller = "Group"}. Executing controller action with signature System.Threading.Tasks.Task`1[Microsoft.AspNetCore.Mvc.IActionResult] GetById(Int32) on controller CourseApp.Controllers.Admin.GroupController (CourseApp).
2024-06-29 11:10:06.207 +04:00  INF  Entity Framework Core 6.0.31 initialized 'AppDbContext' using provider 'Microsoft.EntityFrameworkCore.SqlServer:6.0.31' with options: None
2024-06-29 11:10:06.392 +04:00  WRN  Compiling a query which loads related collections for more than one collection navigation, either via 'Include' or through projection, but no 'QuerySplittingBehavior' has been configured. By default, Entity Framework will use 'QuerySplittingBehavior.SingleQuery', which can potentially result in slow query performance. See https://go.microsoft.com/fwlink/?linkid=2134277 for more information. To identify the query that's triggering this warning call 'ConfigureWarnings(w => w.Throw(RelationalEventId.MultipleCollectionIncludeWarning))'.
2024-06-29 11:10:06.540 +04:00  INF  Executed DbCommand (62ms) [Parameters=[@__id_0='?' (DbType = Int32)], CommandType='"Text"', CommandTimeout='30']
SELECT [t].[Id], [t].[Capacity], [t].[CreatedDate], [t].[EducationId], [t].[Name], [t].[RoomId], [t].[SoftDelete], [t].[Id0], [t].[Id1], [s].[Id], [s].[GroupId], [s].[StudentId], [t].[CreatedDate0], [t].[Name0], [t].[SeatCount], [t].[SoftDelete0], [t].[CreatedDate1], [t].[Name1], [t].[SoftDelete1], [t0].[Id], [t0].[GroupId], [t0].[TeacherId], [t0].[Id0], [t0].[Age], [t0].[CreatedDate], [t0].[Email], [t0].[Name], [t0].[Salary], [t0].[SoftDelete], [t0].[Surname]
FROM (
    SELECT TOP(1) [g].[Id], [g].[Capacity], [g].[CreatedDate], [g].[EducationId], [g].[Name], [g].[RoomId], [g].[SoftDelete], [r].[Id] AS [Id0], [r].[CreatedDate] AS [CreatedDate0], [r].[Name] AS [Name0], [r].[SeatCount], [r].[SoftDelete] AS [SoftDelete0], [e].[Id] AS [Id1], [e].[CreatedDate] AS [CreatedDate1], [e].[Name] AS [Name1], [e].[SoftDelete] AS [SoftDelete1]
    FROM [Groups] AS [g]
    INNER JOIN [Rooms] AS [r] ON [g].[RoomId] = [r].[Id]
    INNER JOIN [Educations] AS [e] ON [g].[EducationId] = [e].[Id]
    WHERE [g].[Id] = @__id_0
) AS [t]
LEFT JOIN [StudentGroups] AS [s] ON [t].[Id] = [s].[GroupId]
LEFT JOIN (
    SELECT [g0].[Id], [g0].[GroupId], [g0].[TeacherId], [t1].[Id] AS [Id0], [t1].[Age], [t1].[CreatedDate], [t1].[Email], [t1].[Name], [t1].[Salary], [t1].[SoftDelete], [t1].[Surname]
    FROM [GroupTeachers] AS [g0]
    INNER JOIN [Teachers] AS [t1] ON [g0].[TeacherId] = [t1].[Id]
) AS [t0] ON [t].[Id] = [t0].[GroupId]
ORDER BY [t].[Id], [t].[Id0], [t].[Id1], [s].[Id], [t0].[Id]
2024-06-29 11:10:06.547 +04:00  INF  Executing OkObjectResult, writing value of type 'null'.
2024-06-29 11:10:06.548 +04:00  INF  Executed action CourseApp.Controllers.Admin.GroupController.GetById (CourseApp) in 396.7101ms
2024-06-29 11:10:06.548 +04:00  INF  Executed endpoint 'CourseApp.Controllers.Admin.GroupController.GetById (CourseApp)'
2024-06-29 11:10:06.548 +04:00  INF  Request finished HTTP/1.1 GET http://localhost:5281/api/admin/Group/GetById/25 - - - 204 0 - 421.6997ms
2024-06-29 11:10:47.255 +04:00  INF  Request starting HTTP/1.1 GET http://localhost:5281/api/admin/Group/GetById/100 - -
2024-06-29 11:10:47.256 +04:00  INF  Executing endpoint 'CourseApp.Controllers.Admin.GroupController.GetById (CourseApp)'
2024-06-29 11:10:47.256 +04:00  INF  Route matched with {action = "GetById", controller = "Group"}. Executing controller action with signature System.Threading.Tasks.Task`1[Microsoft.AspNetCore.Mvc.IActionResult] GetById(Int32) on controller CourseApp.Controllers.Admin.GroupController (CourseApp).
2024-06-29 11:10:47.271 +04:00  INF  Entity Framework Core 6.0.31 initialized 'AppDbContext' using provider 'Microsoft.EntityFrameworkCore.SqlServer:6.0.31' with options: None
2024-06-29 11:10:47.292 +04:00  INF  Executed DbCommand (17ms) [Parameters=[@__id_0='?' (DbType = Int32)], CommandType='"Text"', CommandTimeout='30']
SELECT [t].[Id], [t].[Capacity], [t].[CreatedDate], [t].[EducationId], [t].[Name], [t].[RoomId], [t].[SoftDelete], [t].[Id0], [t].[Id1], [s].[Id], [s].[GroupId], [s].[StudentId], [t].[CreatedDate0], [t].[Name0], [t].[SeatCount], [t].[SoftDelete0], [t].[CreatedDate1], [t].[Name1], [t].[SoftDelete1], [t0].[Id], [t0].[GroupId], [t0].[TeacherId], [t0].[Id0], [t0].[Age], [t0].[CreatedDate], [t0].[Email], [t0].[Name], [t0].[Salary], [t0].[SoftDelete], [t0].[Surname]
FROM (
    SELECT TOP(1) [g].[Id], [g].[Capacity], [g].[CreatedDate], [g].[EducationId], [g].[Name], [g].[RoomId], [g].[SoftDelete], [r].[Id] AS [Id0], [r].[CreatedDate] AS [CreatedDate0], [r].[Name] AS [Name0], [r].[SeatCount], [r].[SoftDelete] AS [SoftDelete0], [e].[Id] AS [Id1], [e].[CreatedDate] AS [CreatedDate1], [e].[Name] AS [Name1], [e].[SoftDelete] AS [SoftDelete1]
    FROM [Groups] AS [g]
    INNER JOIN [Rooms] AS [r] ON [g].[RoomId] = [r].[Id]
    INNER JOIN [Educations] AS [e] ON [g].[EducationId] = [e].[Id]
    WHERE [g].[Id] = @__id_0
) AS [t]
LEFT JOIN [StudentGroups] AS [s] ON [t].[Id] = [s].[GroupId]
LEFT JOIN (
    SELECT [g0].[Id], [g0].[GroupId], [g0].[TeacherId], [t1].[Id] AS [Id0], [t1].[Age], [t1].[CreatedDate], [t1].[Email], [t1].[Name], [t1].[Salary], [t1].[SoftDelete], [t1].[Surname]
    FROM [GroupTeachers] AS [g0]
    INNER JOIN [Teachers] AS [t1] ON [g0].[TeacherId] = [t1].[Id]
) AS [t0] ON [t].[Id] = [t0].[GroupId]
ORDER BY [t].[Id], [t].[Id0], [t].[Id1], [s].[Id], [t0].[Id]
2024-06-29 11:10:47.292 +04:00  INF  Executing OkObjectResult, writing value of type 'null'.
2024-06-29 11:10:47.293 +04:00  INF  Executed action CourseApp.Controllers.Admin.GroupController.GetById (CourseApp) in 36.1776ms
2024-06-29 11:10:47.293 +04:00  INF  Executed endpoint 'CourseApp.Controllers.Admin.GroupController.GetById (CourseApp)'
2024-06-29 11:10:47.293 +04:00  INF  Request finished HTTP/1.1 GET http://localhost:5281/api/admin/Group/GetById/100 - - - 204 0 - 37.6038ms
2024-06-29 11:14:42.584 +04:00  INF  Request starting HTTP/1.1 PUT http://localhost:5281/api/admin/Group/Edit/100 application/json 39
2024-06-29 11:14:42.585 +04:00  INF  Executing endpoint 'CourseApp.Controllers.Admin.GroupController.Edit (CourseApp)'
2024-06-29 11:14:42.593 +04:00  INF  Route matched with {action = "Edit", controller = "Group"}. Executing controller action with signature System.Threading.Tasks.Task`1[Microsoft.AspNetCore.Mvc.IActionResult] Edit(Int32, Service.DTOs.Admin.Groups.GroupEditDto) on controller CourseApp.Controllers.Admin.GroupController (CourseApp).
2024-06-29 11:14:42.594 +04:00  INF  Entity Framework Core 6.0.31 initialized 'AppDbContext' using provider 'Microsoft.EntityFrameworkCore.SqlServer:6.0.31' with options: None
2024-06-29 11:14:42.626 +04:00  INF  Executed DbCommand (5ms) [Parameters=[@__id_0='?' (DbType = Int32)], CommandType='"Text"', CommandTimeout='30']
SELECT TOP(1) [g].[Id], [g].[Capacity], [g].[CreatedDate], [g].[EducationId], [g].[Name], [g].[RoomId], [g].[SoftDelete]
FROM [Groups] AS [g]
WHERE [g].[Id] = @__id_0
2024-06-29 11:14:42.632 +04:00  INF  Executed action CourseApp.Controllers.Admin.GroupController.Edit (CourseApp) in 38.4175ms
2024-06-29 11:14:42.632 +04:00  INF  Executed endpoint 'CourseApp.Controllers.Admin.GroupController.Edit (CourseApp)'
2024-06-29 11:14:42.634 +04:00  ERR  Value cannot be null.
2024-06-29 11:14:42.635 +04:00  INF  Request finished HTTP/1.1 PUT http://localhost:5281/api/admin/Group/Edit/100 application/json 39 - 500 - application/json 50.9759ms
